Using pre-set license
Built from '2021.3/staging' branch; Version is '2021.3.8f1 (b30333d56e81) revision 11731763'; Using compiler version '192829333'; Build Type 'Release'
OS: 'Windows 10  (10.0.19044) 64bit Professional' Language: 'en' Physical Memory: 32486 MB
BatchMode: 1, IsHumanControllingUs: 0, StartBugReporterOnCrash: 0, Is64bit: 1, IsPro: 1

COMMAND LINE ARGUMENTS:
C:\Program Files\Unity\Hub\Editor\2021.3.8f1\Editor\Unity.exe
-adb2
-batchMode
-noUpm
-name
AssetImportWorker0
-projectPath
C:/Users/mmargolin/UnityProjects/PRO390-MissTheRage
-logFile
Logs/AssetImportWorker0.log
-srvPort
59395
Successfully changed project path to: C:/Users/mmargolin/UnityProjects/PRO390-MissTheRage
C:/Users/mmargolin/UnityProjects/PRO390-MissTheRage
[UnityMemory] Configuration Parameters - Can be set up in boot.config
    "memorysetup-bucket-allocator-granularity=16"
    "memorysetup-bucket-allocator-bucket-count=8"
    "memorysetup-bucket-allocator-block-size=33554432"
    "memorysetup-bucket-allocator-block-count=8"
    "memorysetup-main-allocator-block-size=16777216"
    "memorysetup-thread-allocator-block-size=16777216"
    "memorysetup-gfx-main-allocator-block-size=16777216"
    "memorysetup-gfx-thread-allocator-block-size=16777216"
    "memorysetup-cache-allocator-block-size=4194304"
    "memorysetup-typetree-allocator-block-size=2097152"
    "memorysetup-profiler-bucket-allocator-granularity=16"
    "memorysetup-profiler-bucket-allocator-bucket-count=8"
    "memorysetup-profiler-bucket-allocator-block-size=33554432"
    "memorysetup-profiler-bucket-allocator-block-count=8"
    "memorysetup-profiler-allocator-block-size=16777216"
    "memorysetup-profiler-editor-allocator-block-size=1048576"
    "memorysetup-temp-allocator-size-main=16777216"
    "memorysetup-job-temp-allocator-block-size=2097152"
    "memorysetup-job-temp-allocator-block-size-background=1048576"
    "memorysetup-job-temp-allocator-reduction-small-platforms=262144"
    "memorysetup-temp-allocator-size-background-worker=32768"
    "memorysetup-temp-allocator-size-job-worker=262144"
    "memorysetup-temp-allocator-size-preload-manager=33554432"
    "memorysetup-temp-allocator-size-nav-mesh-worker=65536"
    "memorysetup-temp-allocator-size-audio-worker=65536"
    "memorysetup-temp-allocator-size-cloud-worker=32768"
    "memorysetup-temp-allocator-size-gi-baking-worker=262144"
    "memorysetup-temp-allocator-size-gfx=262144"
Refreshing native plugins compatible for Editor in 146.51 ms, found 11 plugins.
Preloading 1 native plugins for Editor in 1.13 ms.
Initialize engine version: 2021.3.8f1 (b30333d56e81)
[Subsystems] Discovering subsystems at path C:/Program Files/Unity/Hub/Editor/2021.3.8f1/Editor/Data/Resources/UnitySubsystems
[Subsystems] Discovering subsystems at path C:/Users/mmargolin/UnityProjects/PRO390-MissTheRage/Assets
GfxDevice: creating device client; threaded=0; jobified=0
Direct3D:
    Version:  Direct3D 11.0 [level 11.1]
    Renderer: NVIDIA Quadro T2000 with Max-Q Design (ID=0x1fb8)
    Vendor:   NVIDIA
    VRAM:     3962 MB
    Driver:   30.0.14.7291
Initialize mono
Mono path[0] = 'C:/Program Files/Unity/Hub/Editor/2021.3.8f1/Editor/Data/Managed'
Mono path[1] = 'C:/Program Files/Unity/Hub/Editor/2021.3.8f1/Editor/Data/MonoBleedingEdge/lib/mono/unityjit-win32'
Mono config path = 'C:/Program Files/Unity/Hub/Editor/2021.3.8f1/Editor/Data/MonoBleedingEdge/etc'
Using monoOptions --debugger-agent=transport=dt_socket,embedding=1,server=y,suspend=n,address=127.0.0.1:56052
Begin MonoManager ReloadAssembly
Registering precompiled unity dll's ...
Register platform support module: C:/Program Files/Unity/Hub/Editor/2021.3.8f1/Editor/Data/PlaybackEngines/AndroidPlayer/UnityEditor.Android.Extensions.dll
Register platform support module: C:/Program Files/Unity/Hub/Editor/2021.3.8f1/Editor/Data/PlaybackEngines/WindowsStandaloneSupport/UnityEditor.WindowsStandalone.Extensions.dll
Registered in 0.009731 seconds.
Native extension for WindowsStandalone target not found
Native extension for Android target not found
Refreshing native plugins compatible for Editor in 137.39 ms, found 11 plugins.
Preloading 1 native plugins for Editor in 0.26 ms.
Mono: successfully reloaded assembly
- Completed reload, in  0.888 seconds
Domain Reload Profiling:
	ReloadAssembly (889ms)
		BeginReloadAssembly (87ms)
			ExecutionOrderSort (0ms)
			DisableScriptedObjects (0ms)
			BackupInstance (0ms)
			ReleaseScriptingObjects (0ms)
			CreateAndSetChildDomain (1ms)
		EndReloadAssembly (656ms)
			LoadAssemblies (85ms)
			RebuildTransferFunctionScriptingTraits (0ms)
			SetupTypeCache (143ms)
			ReleaseScriptCaches (0ms)
			RebuildScriptCaches (36ms)
			SetupLoadedEditorAssemblies (406ms)
				LogAssemblyErrors (0ms)
				InitializePlatformSupportModulesInManaged (78ms)
				SetLoadedEditorAssemblies (0ms)
				RefreshPlugins (138ms)
				BeforeProcessingInitializeOnLoad (2ms)
				ProcessInitializeOnLoadAttributes (126ms)
				ProcessInitializeOnLoadMethodAttributes (62ms)
				AfterProcessingInitializeOnLoad (0ms)
				EditorAssembliesLoaded (0ms)
			ExecutionOrderSort2 (0ms)
			AwakeInstancesAfterBackupRestoration (0ms)
Platform modules already initialized, skipping
Registering precompiled user dll's ...
Registered in 0.012082 seconds.
Begin MonoManager ReloadAssembly
Symbol file LoadedFromMemory doesn't match image C:\Users\mmargolin\UnityProjects\PRO390-MissTheRage\Library\PackageCache\com.unity.visualscripting@1.7.8\Editor\VisualScripting.Core\Dependencies\DotNetZip\Unity.VisualScripting.IonicZip.dll
Symbol file LoadedFromMemory doesn't match image C:\Users\mmargolin\UnityProjects\PRO390-MissTheRage\Library\PackageCache\com.unity.visualscripting@1.7.8\Editor\VisualScripting.Core\Dependencies\YamlDotNet\Unity.VisualScripting.YamlDotNet.dll
Native extension for WindowsStandalone target not found
Native extension for Android target not found
Refreshing native plugins compatible for Editor in 147.81 ms, found 11 plugins.
Preloading 1 native plugins for Editor in 0.10 ms.
Package Manager log level set to [2]
System.Reflection.TargetInvocationException: Exception has been thrown by the target of an invocation. ---> System.NullReferenceException: Object reference not set to an instance of an object
  at Unity.XR.Oculus.OculusLoader.AssetPathToAbsolutePath (System.String assetPath) [0x0003d] in C:\Users\mmargolin\UnityProjects\PRO390-MissTheRage\Library\PackageCache\com.unity.xr.oculus@3.0.2\Runtime\OculusLoader.cs:271 
  at Unity.XR.Oculus.OculusLoader.EditorLoadOVRPlugin () [0x0007b] in C:\Users\mmargolin\UnityProjects\PRO390-MissTheRage\Library\PackageCache\com.unity.xr.oculus@3.0.2\Runtime\OculusLoader.cs:256 
  at (wrapper managed-to-native) System.Reflection.RuntimeMethodInfo.InternalInvoke(System.Reflection.RuntimeMethodInfo,object,object[],System.Exception&)
  at System.Reflection.RuntimeMethodInfo.Invoke (System.Object obj, System.Reflection.BindingFlags invokeAttr, System.Reflection.Binder binder, System.Object[] parameters, System.Globalization.CultureInfo culture) [0x0006a] in <c2a97e0383e8404c9fc0ae19d58f57f1>:0 
   --- End of inner exception stack trace ---
  at System.Reflection.RuntimeMethodInfo.Invoke (System.Object obj, System.Reflection.BindingFlags invokeAttr, System.Reflection.Binder binder, System.Object[] parameters, System.Globalization.CultureInfo culture) [0x00083] in <c2a97e0383e8404c9fc0ae19d58f57f1>:0 
  at System.Reflection.MethodBase.Invoke (System.Object obj, System.Object[] parameters) [0x00000] in <c2a97e0383e8404c9fc0ae19d58f57f1>:0 
  at UnityEditor.EditorAssemblies.ProcessInitializeOnLoadMethodAttributes () [0x000a5] in <5f40cdb07bd44d76a23dad985a4ec283>:0 
UnityEngine.StackTraceUtility:ExtractStackTrace ()
UnityEngine.DebugLogHandler:LogFormat (UnityEngine.LogType,UnityEngine.Object,string,object[])
UnityEngine.Logger:Log (UnityEngine.LogType,object)
UnityEngine.Debug:LogError (object)
UnityEditor.EditorAssemblies:ProcessInitializeOnLoadMethodAttributes ()

Mono: successfully reloaded assembly
- Completed reload, in  1.860 seconds
Domain Reload Profiling:
	ReloadAssembly (1861ms)
		BeginReloadAssembly (246ms)
			ExecutionOrderSort (0ms)
			DisableScriptedObjects (7ms)
			BackupInstance (0ms)
			ReleaseScriptingObjects (0ms)
			CreateAndSetChildDomain (131ms)
		EndReloadAssembly (1460ms)
			LoadAssemblies (109ms)
			RebuildTransferFunctionScriptingTraits (0ms)
			SetupTypeCache (400ms)
			ReleaseScriptCaches (1ms)
			RebuildScriptCaches (81ms)
			SetupLoadedEditorAssemblies (790ms)
				LogAssemblyErrors (0ms)
				InitializePlatformSupportModulesInManaged (24ms)
				SetLoadedEditorAssemblies (0ms)
				RefreshPlugins (148ms)
				BeforeProcessingInitializeOnLoad (139ms)
				ProcessInitializeOnLoadAttributes (416ms)
				ProcessInitializeOnLoadMethodAttributes (52ms)
				AfterProcessingInitializeOnLoad (10ms)
				EditorAssembliesLoaded (0ms)
			ExecutionOrderSort2 (0ms)
			AwakeInstancesAfterBackupRestoration (6ms)
Platform modules already initialized, skipping
========================================================================
Worker process is ready to serve import requests
Launched and connected shader compiler UnityShaderCompiler.exe after 0.04 seconds
Refreshing native plugins compatible for Editor in 1.15 ms, found 11 plugins.
Preloading 1 native plugins for Editor in 0.11 ms.
Unloading 4456 Unused Serialized files (Serialized files now loaded: 0)
Unloading 50 unused Assets / (170.3 KB). Loaded Objects now: 4900.
Memory consumption went from 158.1 MB to 157.9 MB.
Total: 5.210600 ms (FindLiveObjects: 0.357200 ms CreateObjectMapping: 0.347300 ms MarkObjects: 4.301200 ms  DeleteObjects: 0.203600 ms)

AssetImportParameters requested are different than current active one (requested -> active):
  custom:video-decoder-ogg-theora: a1e56fd34408186e4bbccfd4996cb3dc -> 
  custom:container-muxer-webm: aa71ff27fc2769a1b78a27578f13a17b -> 
  custom:container-demuxer-webm: 4f35f7cbe854078d1ac9338744f61a02 -> 
  custom:video-encoder-webm-vp8: eb34c28f22e8b96e1ab97ce403110664 -> 
  custom:audio-encoder-webm-vorbis: bf7c407c2cedff20999df2af8eb42d56 -> 
  custom:framework-win-MediaFoundation: 216162199b28c13a410421893ffa2e32 -> 
  custom:container-demuxer-ogg: 62fdf1f143b41e24485cea50d1cbac27 -> 
  custom:video-decoder-webm-vp8: 9c59270c3fd7afecdb556c50c9e8de78 -> 
  custom:audio-decoder-ogg-vorbis: bf7c407c2cedff20999df2af8eb42d56 -> 
========================================================================
Received Import Request.
  Time since last request: 2784437.747363 seconds.
  path: Assets
  artifactKey: Guid(00000000000000001000000000000000) Importer(815301076,1909f56bfc062723c751e8b465ee728b)
Start importing Assets using Guid(00000000000000001000000000000000) Importer(815301076,1909f56bfc062723c751e8b465ee728b)  -> (artifact id: '79842766b460edbeab6a34051e857a80') in 0.013147 seconds 
========================================================================
Received Import Request.
  Time since last request: 1.786973 seconds.
  path: Assets/Imports
  artifactKey: Guid(e9a7238552e7dfc48a597f2a09dd2b0d) Importer(815301076,1909f56bfc062723c751e8b465ee728b)
Start importing Assets/Imports using Guid(e9a7238552e7dfc48a597f2a09dd2b0d) Importer(815301076,1909f56bfc062723c751e8b465ee728b)  -> (artifact id: 'a958a9daf4310778a29591ab7f38c722') in 0.007266 seconds 
========================================================================
Received Import Request.
  Time since last request: 39.848363 seconds.
  path: Assets/New Folder
  artifactKey: Guid(76fffa01e9ec695449353abdf9cea71a) Importer(815301076,1909f56bfc062723c751e8b465ee728b)
Start importing Assets/New Folder using Guid(76fffa01e9ec695449353abdf9cea71a) Importer(815301076,1909f56bfc062723c751e8b465ee728b)  -> (artifact id: 'b0de9b1cc53789bb774b94f4cc95fe32') in 0.006810 seconds 
========================================================================
Received Import Request.
  Time since last request: 17.681161 seconds.
  path: Assets/Materials
  artifactKey: Guid(76fffa01e9ec695449353abdf9cea71a) Importer(815301076,1909f56bfc062723c751e8b465ee728b)
Start importing Assets/Materials using Guid(76fffa01e9ec695449353abdf9cea71a) Importer(815301076,1909f56bfc062723c751e8b465ee728b)  -> (artifact id: '502d3fe4427ec5594ce4818a96c6f9e7') in 0.007082 seconds 
========================================================================
Received Import Request.
  Time since last request: 7.925008 seconds.
  path: Assets/Prefabs
  artifactKey: Guid(8e95e544fee7e8a46a02bf92151b65e9) Importer(815301076,1909f56bfc062723c751e8b465ee728b)
Start importing Assets/Prefabs using Guid(8e95e544fee7e8a46a02bf92151b65e9) Importer(815301076,1909f56bfc062723c751e8b465ee728b)  -> (artifact id: '38150fa586af9c0addb1f9236bd8a15f') in 0.007057 seconds 
========================================================================
Received Import Request.
  Time since last request: 4.087712 seconds.
  path: Assets/Scripts
  artifactKey: Guid(7efb58f71fbbb034ca99effea13be13e) Importer(815301076,1909f56bfc062723c751e8b465ee728b)
Start importing Assets/Scripts using Guid(7efb58f71fbbb034ca99effea13be13e) Importer(815301076,1909f56bfc062723c751e8b465ee728b)  -> (artifact id: '01ae2a9521b3c7f91d3336aa953f14bb') in 0.006991 seconds 
========================================================================
Received Import Request.
  Time since last request: 445.921266 seconds.
  path: Assets/Prefabs/Island.prefab
  artifactKey: Guid(5b6d9d3885d1c1146b3903590a11902f) Importer(815301076,1909f56bfc062723c751e8b465ee728b)
Start importing Assets/Prefabs/Island.prefab using Guid(5b6d9d3885d1c1146b3903590a11902f) Importer(815301076,1909f56bfc062723c751e8b465ee728b)  -> (artifact id: '5ce9b26413fc36b10e632ec017e83df9') in 0.057529 seconds 
========================================================================
Received Import Request.
  Time since last request: 116.498769 seconds.
  path: Assets/Materials/IslandTemp.mat
  artifactKey: Guid(8ff77cf9aed0a9a4a883a5459cb5c900) Importer(815301076,1909f56bfc062723c751e8b465ee728b)
Start importing Assets/Materials/IslandTemp.mat using Guid(8ff77cf9aed0a9a4a883a5459cb5c900) Importer(815301076,1909f56bfc062723c751e8b465ee728b)  -> (artifact id: '8cad5b18f99dc61d4597b3baaf3426ff') in 0.339128 seconds 
========================================================================
Received Import Request.
  Time since last request: 48.885723 seconds.
  path: Assets/Imports/Low Poly Buildings Lite/Prefabs
  artifactKey: Guid(2fa5cabca296bb845bbe3436183e2eb4) Importer(815301076,1909f56bfc062723c751e8b465ee728b)
Start importing Assets/Imports/Low Poly Buildings Lite/Prefabs using Guid(2fa5cabca296bb845bbe3436183e2eb4) Importer(815301076,1909f56bfc062723c751e8b465ee728b)  -> (artifact id: '813fda27e9ce1a15aa682e402fb58c62') in 0.002891 seconds 
========================================================================
Received Import Request.
  Time since last request: 0.929233 seconds.
  path: Assets/Imports/Low Poly Buildings Lite/Models
  artifactKey: Guid(55ab2267540c46642af25daee99649dd) Importer(815301076,1909f56bfc062723c751e8b465ee728b)
Start importing Assets/Imports/Low Poly Buildings Lite/Models using Guid(55ab2267540c46642af25daee99649dd) Importer(815301076,1909f56bfc062723c751e8b465ee728b)  -> (artifact id: '98354364ef206365b8fe863dea2d2be1') in 0.006975 seconds 
========================================================================
Received Import Request.
  Time since last request: 0.490188 seconds.
  path: Assets/Imports/Low Poly Buildings Lite/Prefabs/Suburb House Grey.prefab
  artifactKey: Guid(1560075f917727c46a8546367a2f3132) Importer(815301076,1909f56bfc062723c751e8b465ee728b)
Start importing Assets/Imports/Low Poly Buildings Lite/Prefabs/Suburb House Grey.prefab using Guid(1560075f917727c46a8546367a2f3132) Importer(815301076,1909f56bfc062723c751e8b465ee728b)  -> (artifact id: '6b3ec5de519ed08336c7e31fa3a3c0e3') in 0.132671 seconds 
========================================================================
Received Import Request.
  Time since last request: 69.757363 seconds.
  path: Assets/Materials/IslandTemp.mat
  artifactKey: Guid(8ff77cf9aed0a9a4a883a5459cb5c900) Importer(815301076,1909f56bfc062723c751e8b465ee728b)
Start importing Assets/Materials/IslandTemp.mat using Guid(8ff77cf9aed0a9a4a883a5459cb5c900) Importer(815301076,1909f56bfc062723c751e8b465ee728b)  -> (artifact id: 'c1c11f6aa4d990a2f1a158dbd6d69128') in 0.190645 seconds 
========================================================================
Received Import Request.
  Time since last request: 1354.897317 seconds.
  path: Assets/Materials/IslandTemp.mat
  artifactKey: Guid(8ff77cf9aed0a9a4a883a5459cb5c900) Importer(815301076,1909f56bfc062723c751e8b465ee728b)
Start importing Assets/Materials/IslandTemp.mat using Guid(8ff77cf9aed0a9a4a883a5459cb5c900) Importer(815301076,1909f56bfc062723c751e8b465ee728b)  -> (artifact id: 'e142217d7e8ac4d34a89b88ac2db8a5f') in 0.022919 seconds 
